<?xml version="1.0" encoding="UTF-8"?>
<testsuite name="TaschenrechnerTest" tests="27" skipped="0" failures="0" errors="0" timestamp="2020-05-03T14:19:49" hostname="DESKTOP-30BUID4" time="0.037">
  <properties/>
  <testcase name="int_Subtraktion_Simple_Negative_Test()" classname="TaschenrechnerTest" time="0.011"/>
  <testcase name="int_Multiplikation_Simple_Negative_Test()" classname="TaschenrechnerTest" time="0.001"/>
  <testcase name="int_Subtraktion_MinValue_Positive_Test()" classname="TaschenrechnerTest" time="0.001"/>
  <testcase name="int_Multiplikation_Simple_Zero_Positive_Test()" classname="TaschenrechnerTest" time="0.0"/>
  <testcase name="float_Multiplikation_Simple_Zero_Positive_Test()" classname="TaschenrechnerTest" time="0.0"/>
  <testcase name="float_Division_Simple_Positive_Test()" classname="TaschenrechnerTest" time="0.0"/>
  <testcase name="int_Multiplikation_MaxValue_Positive_Test()" classname="TaschenrechnerTest" time="0.0"/>
  <testcase name="float_Subtraktion_Simple_Positive_Test()" classname="TaschenrechnerTest" time="0.0"/>
  <testcase name="float_Multiplikation_Simple_Positive_Test()" classname="TaschenrechnerTest" time="0.0"/>
  <testcase name="int_Division_Simple_Positive_Test()" classname="TaschenrechnerTest" time="0.001"/>
  <testcase name="float_Division_Simple_Negative_Test()" classname="TaschenrechnerTest" time="0.001"/>
  <testcase name="int_Division_MaxValue_Positive_Test()" classname="TaschenrechnerTest" time="0.001"/>
  <testcase name="int_Addition_MaxValue_Positive_Test()" classname="TaschenrechnerTest" time="0.0"/>
  <testcase name="float_Addition_Simple_Positive_Test()" classname="TaschenrechnerTest" time="0.0"/>
  <testcase name="float_Division_Simple_Zero_Negative_Test()" classname="TaschenrechnerTest" time="0.0"/>
  <testcase name="float_Division_MaxValue_Positive_Test()" classname="TaschenrechnerTest" time="0.001"/>
  <testcase name="float_Subtraktion_Simple_Negative_Test()" classname="TaschenrechnerTest" time="0.0"/>
  <testcase name="float_Multiplikation_Simple_Negative_Test()" classname="TaschenrechnerTest" time="0.0"/>
  <testcase name="int_Division_Simple_Negative_Test()" classname="TaschenrechnerTest" time="0.001"/>
  <testcase name="int_Addition_Simple_Positive_Test()" classname="TaschenrechnerTest" time="0.0"/>
  <testcase name="float_Addition_Simple_Negative_Test()" classname="TaschenrechnerTest" time="0.001"/>
  <testcase name="float_Multiplikation_MaxValue_Negative_Test()" classname="TaschenrechnerTest" time="0.0"/>
  <testcase name="int_Subtraktion_Simple_Positive_Test()" classname="TaschenrechnerTest" time="0.001"/>
  <testcase name="int_Multiplikation_Simple_Positive_Test()" classname="TaschenrechnerTest" time="0.0"/>
  <testcase name="float_Subktraktion_MinValue_Negative_Test()" classname="TaschenrechnerTest" time="0.0"/>
  <testcase name="float_Addition_MaxValue_Negative_Test()" classname="TaschenrechnerTest" time="0.0"/>
  <testcase name="int_Addition_Simple_Negative_Test()" classname="TaschenrechnerTest" time="0.0"/>
  <system-out><![CDATA[]]></system-out>
  <system-err><![CDATA[]]></system-err>
</testsuite>
