<?xml version="1.0" encoding="UTF-8"?>
<testsuite name="TaschenrechnerTest" tests="8" skipped="0" failures="0" errors="0" timestamp="2020-05-02T10:31:28" hostname="DESKTOP-30BUID4" time="0.016">
  <properties/>
  <testcase name="int_Addition()" classname="TaschenrechnerTest" time="0.011"/>
  <testcase name="float_Subtraktion()" classname="TaschenrechnerTest" time="0.0"/>
  <testcase name="float_Addition()" classname="TaschenrechnerTest" time="0.0"/>
  <testcase name="int_Subtraktion()" classname="TaschenrechnerTest" time="0.0"/>
  <testcase name="int_Multiplikation()" classname="TaschenrechnerTest" time="0.0"/>
  <testcase name="int_Division()" classname="TaschenrechnerTest" time="0.001"/>
  <testcase name="float_Division()" classname="TaschenrechnerTest" time="0.0"/>
  <testcase name="float_Multiplikation()" classname="TaschenrechnerTest" time="0.0"/>
  <system-out><![CDATA[]]></system-out>
  <system-err><![CDATA[]]></system-err>
</testsuite>
